[2024/10/22 22:02:44]: §9          __             _       
[2024/10/22 22:02:44]: §9  _ __   / /  ___   __ _(_)_ __  
[2024/10/22 22:02:44]: §9 | '_ \ / /  / _ \ / _` | | '_ \ 
[2024/10/22 22:02:44]: §9 | | | / /__| (_) | (_| | | | | |
[2024/10/22 22:02:44]: §9 |_| |_\____/\___/ \__, |_|_| |_|
[2024/10/22 22:02:44]: §9                  |___/            
[2024/10/22 22:02:44]: §9 By: www.nickuc.com - V 10.4.13 DEVELOPMENT
[2024/10/22 22:02:44]: §9 
[2024/10/22 22:02:44]: §3[nLogin] [DEBUG] All settings were loaded in 121 ms.
[2024/10/22 22:02:44]: §3[nLogin] [DEBUG] Loading the messages_en.yml message file...
[2024/10/22 22:02:44]: §3[nLogin] [DEBUG] All plugin messages were loaded in 118 ms (languageByClient=false).
[2024/10/22 22:02:44]: §3[nLogin] [DEBUG] All proxy settings were loaded in 20 ms.
[2024/10/22 22:02:44]: §3[nLogin] [DEBUG] Loading database...
[2024/10/22 22:02:47]: [nLogin] Generating RSA keypair... (this may take a while)
[2024/10/22 22:02:49]: [nLogin] §aThe RSA key pair was successfully generated. Took 1.96s
[2024/10/22 22:02:49]: §3[nLogin] [DEBUG] Starting logger filter...
[2024/10/22 22:02:54]: 
[2024/10/22 22:02:54]:  §bThank you so much for choosing nLogin! §4<3
[2024/10/22 22:02:54]: 
[2024/10/22 22:02:54]:  §4For your safety, please read the message below:
[2024/10/22 22:02:54]:   §cNever download nLogin from unknown sources.
[2024/10/22 22:02:54]:   §cA modified version may contain malicious software.
[2024/10/22 22:02:54]: 
[2024/10/22 22:02:54]:  §3Trusted sources:
[2024/10/22 22:02:54]:   §bwww.nickuc.com
[2024/10/22 22:02:54]:   §bwww.github.com/nickuc
[2024/10/22 22:02:54]:   §bOpeNLogin installer (from Spigot or GitHub)
[2024/10/22 22:02:54]: 
[2024/10/22 22:02:54]:  §3Official support channels:
[2024/10/22 22:02:54]:   §bDiscord group: §fwww.nickuc.com/discord
[2024/10/22 22:02:54]:   §bDocumentation: §fdocs.nickuc.com/nlogin/
[2024/10/22 22:02:54]:   §bEmail: §fsupport@nickuc.com
[2024/10/22 22:02:54]:   §bYouTube: §fyoutube.com/nickuc
[2024/10/22 22:02:54]: 
[2024/10/22 22:02:54]:  §eTo remove this warning, log in with "nlogin.admin" permission on the server
[2024/10/22 22:02:54]:  §eand click the "Setup plugin" button to configure your plugin.
[2024/10/22 22:02:54]: 
[2024/10/22 22:03:12]: §e[nLogin] [WARN] Event listener from com.nickuc.login.ΓΩηκψγΓεςσγΓ (PreLoginEvent) took 448ms to process!
[2024/10/22 22:03:27]: §e[nLogin] [WARN] Event listener from com.nickuc.login.ΓΩηκψγΓεςσγΓ (PreLoginEvent) took 254ms to process!
[2024/10/22 22:03:35]: §e[nLogin] [WARN] Event listener from com.nickuc.login.ΓΩηκψγΓεςσγΓ (PreLoginEvent) took 254ms to process!
[2024/10/22 22:03:40]: §3[nLogin] [DEBUG] [MySQL] [UPDATE]: "INSERT INTO `nlogin` (`last_name`, `unique_id`, `mojang_id`, `bedrock_id`, `password`, `last_ip`, `creation_date`, `last_seen`, `email`, `discord`, `settings`) VALUES ('oJunar', feb78921c6613591a93f8d85b0624786, null, null, '$2a$10$q73CjITxtThnQB5hUyaFae9920BF/rQl2El2FAU3mNAdc/5G1mTU.', '0:0:0:0:0:0:0:1%0', '2024-10-22 22:03:40.33', '2024-10-22 22:03:40.33', null, null, null)" (applied to all columns)
[2024/10/22 22:03:40]: [nLogin] The user oJunar has successfully registered.
[2024/10/22 22:03:57]: §3[nLogin] [DEBUG] [MySQL] [UPDATE]: "UPDATE `nlogin` SET `last_name` = 'oJunar', `unique_id` = feb78921c6613591a93f8d85b0624786,  `mojang_id` = null,  `bedrock_id` = null,  `password` = '$2a$10$q73CjITxtThnQB5hUyaFae9920BF/rQl2El2FAU3mNAdc/5G1mTU.', `last_ip` = '0:0:0:0:0:0:0:1%0', `creation_date` = 2024-10-22 22:03:40.33, `last_seen` = 2024-10-22 22:03:56.763, `email` = null, `discord` = null, `settings` = '{"settings":[{"value":"lobby","key":"last-server"},{"value":"en","key":"language"}],"version":0}' WHERE `ai` = 1" (applied to [last_seen, settings] columns)
