[2024/10/22 22:00:36]: §9          __             _       
[2024/10/22 22:00:36]: §9  _ __   / /  ___   __ _(_)_ __  
[2024/10/22 22:00:36]: §9 | '_ \ / /  / _ \ / _` | | '_ \ 
[2024/10/22 22:00:36]: §9 | | | / /__| (_) | (_| | | | | |
[2024/10/22 22:00:36]: §9 |_| |_\____/\___/ \__, |_|_| |_|
[2024/10/22 22:00:36]: §9                  |___/            
[2024/10/22 22:00:36]: §9 By: www.nickuc.com - V 10.4.13 DEVELOPMENT
[2024/10/22 22:00:36]: §9 
[2024/10/22 22:00:38]: §3[nLogin] [DEBUG] All settings were loaded in 2244 ms.
[2024/10/22 22:00:38]: §3[nLogin] [DEBUG] Loading the messages_en.yml message file...
[2024/10/22 22:00:38]: §3[nLogin] [DEBUG] All plugin messages were loaded in 111 ms (languageByClient=false).
[2024/10/22 22:00:38]: §3[nLogin] [DEBUG] The file config.yml was created successfully.
[2024/10/22 22:00:38]: §3[nLogin] [DEBUG] All proxy settings were loaded in 10 ms.
[2024/10/22 22:00:38]: §3[nLogin] [DEBUG] Loading database...
[2024/10/22 22:00:38]: [nLogin] Generating RSA keypair... (this may take a while)
[2024/10/22 22:00:39]: [nLogin] §aThe RSA key pair was successfully generated. Took 0.99s
[2024/10/22 22:00:39]: §3[nLogin] [DEBUG] Starting logger filter...
[2024/10/22 22:00:45]: 
[2024/10/22 22:00:45]:  §bThank you so much for choosing nLogin! §4<3
[2024/10/22 22:00:45]: 
[2024/10/22 22:00:45]:  §4For your safety, please read the message below:
[2024/10/22 22:00:45]:   §cNever download nLogin from unknown sources.
[2024/10/22 22:00:45]:   §cA modified version may contain malicious software.
[2024/10/22 22:00:45]: 
[2024/10/22 22:00:45]:  §3Trusted sources:
[2024/10/22 22:00:45]:   §bwww.nickuc.com
[2024/10/22 22:00:45]:   §bwww.github.com/nickuc
[2024/10/22 22:00:45]:   §bOpeNLogin installer (from Spigot or GitHub)
[2024/10/22 22:00:45]: 
[2024/10/22 22:00:45]:  §3Official support channels:
[2024/10/22 22:00:45]:   §bDiscord group: §fwww.nickuc.com/discord
[2024/10/22 22:00:45]:   §bDocumentation: §fdocs.nickuc.com/nlogin/
[2024/10/22 22:00:45]:   §bEmail: §fsupport@nickuc.com
[2024/10/22 22:00:45]:   §bYouTube: §fyoutube.com/nickuc
[2024/10/22 22:00:45]: 
[2024/10/22 22:00:45]:  §eTo remove this warning, log in with "nlogin.admin" permission on the server
[2024/10/22 22:00:45]:  §eand click the "Setup plugin" button to configure your plugin.
[2024/10/22 22:00:45]: 
[2024/10/22 22:01:44]: [nLogin] Successful plugin core shutdown (took 0.00s)
