[2024/10/22 22:13:25]: §9          __             _       
[2024/10/22 22:13:25]: §9  _ __   / /  ___   __ _(_)_ __  
[2024/10/22 22:13:25]: §9 | '_ \ / /  / _ \ / _` | | '_ \ 
[2024/10/22 22:13:25]: §9 | | | / /__| (_) | (_| | | | | |
[2024/10/22 22:13:25]: §9 |_| |_\____/\___/ \__, |_|_| |_|
[2024/10/22 22:13:25]: §9                  |___/            
[2024/10/22 22:13:25]: §9 By: www.nickuc.com - V 10.4.13 DEVELOPMENT
[2024/10/22 22:13:25]: §9 
[2024/10/22 22:13:26]: §3[nLogin] [DEBUG] All settings were loaded in 168 ms.
[2024/10/22 22:13:26]: §3[nLogin] [DEBUG] Loading the messages_en.yml message file...
[2024/10/22 22:13:26]: §3[nLogin] [DEBUG] All plugin messages were loaded in 152 ms (languageByClient=false).
[2024/10/22 22:13:26]: §3[nLogin] [DEBUG] All proxy settings were loaded in 8 ms.
[2024/10/22 22:13:26]: §3[nLogin] [DEBUG] Loading database...
[2024/10/22 22:13:29]: §3[nLogin] [DEBUG] Starting logger filter...
[2024/10/22 22:13:32]: §e[nLogin] [WARN] Event listener from com.nickuc.login.ΓΩηκψγΓεςσγΓ (PreLoginEvent) took 274ms to process!
[2024/10/22 22:13:34]: 
[2024/10/22 22:13:34]:  §bThank you so much for choosing nLogin! §4<3
[2024/10/22 22:13:34]: 
[2024/10/22 22:13:34]:  §4For your safety, please read the message below:
[2024/10/22 22:13:34]:   §cNever download nLogin from unknown sources.
[2024/10/22 22:13:34]:   §cA modified version may contain malicious software.
[2024/10/22 22:13:34]: 
[2024/10/22 22:13:34]:  §3Trusted sources:
[2024/10/22 22:13:34]:   §bwww.nickuc.com
[2024/10/22 22:13:34]:   §bwww.github.com/nickuc
[2024/10/22 22:13:34]:   §bOpeNLogin installer (from Spigot or GitHub)
[2024/10/22 22:13:34]: 
[2024/10/22 22:13:34]:  §3Official support channels:
[2024/10/22 22:13:34]:   §bDiscord group: §fwww.nickuc.com/discord
[2024/10/22 22:13:34]:   §bDocumentation: §fdocs.nickuc.com/nlogin/
[2024/10/22 22:13:34]:   §bEmail: §fsupport@nickuc.com
[2024/10/22 22:13:34]:   §bYouTube: §fyoutube.com/nickuc
[2024/10/22 22:13:34]: 
[2024/10/22 22:13:34]:  §eTo remove this warning, log in with "nlogin.admin" permission on the server
[2024/10/22 22:13:34]:  §eand click the "Setup plugin" button to configure your plugin.
[2024/10/22 22:13:34]: 
[2024/10/22 22:13:45]: §3[nLogin] [DEBUG] [MySQL] [UPDATE]: "UPDATE `nlogin` SET `last_name` = 'oJunar', `unique_id` = feb78921c6613591a93f8d85b0624786,  `mojang_id` = null,  `bedrock_id` = null,  `password` = '$2a$10$q73CjITxtThnQB5hUyaFae9920BF/rQl2El2FAU3mNAdc/5G1mTU.', `last_ip` = '0:0:0:0:0:0:0:1%0', `creation_date` = 2024-10-22 22:03:40.0, `last_seen` = 2024-10-22 22:13:45.011, `email` = null, `discord` = null, `settings` = '{"settings":[{"value":"lobby","key":"last-server"},{"value":"en","key":"language"}],"version":0}' WHERE `ai` = 1" (applied to [last_ip, last_seen, settings] columns)
[2024/10/22 22:13:45]: [nLogin] The user oJunar has successfully logged in.
[2024/10/22 22:17:11]: §3[nLogin] [DEBUG] [MySQL] [UPDATE]: "UPDATE `nlogin` SET `last_name` = 'oJunar', `unique_id` = feb78921c6613591a93f8d85b0624786,  `mojang_id` = null,  `bedrock_id` = null,  `password` = '$2a$10$q73CjITxtThnQB5hUyaFae9920BF/rQl2El2FAU3mNAdc/5G1mTU.', `last_ip` = '0:0:0:0:0:0:0:1%0', `creation_date` = 2024-10-22 22:03:40.0, `last_seen` = 2024-10-22 22:17:11.474, `email` = null, `discord` = null, `settings` = '{"settings":[{"value":"lifesteal","key":"last-server"},{"value":"en","key":"language"}],"version":0}' WHERE `ai` = 1" (applied to [last_seen, settings] columns)
[2024/10/22 22:17:13]: [nLogin] Successful plugin core shutdown (took 0.00s)
