[04:55:57] [main/INFO]: Using mbed TLS based native cipher.
[04:55:57] [main/INFO]: Using zlib based native compressor.
[04:55:57] [main/INFO]: Enabled Waterfall version git:Waterfall-Bootstrap:1.19-R0.1-SNAPSHOT:e7490f3:535
[04:55:58] [main/INFO]: Not on Windows, attempting to use enhanced EpollEventLoop
[04:55:58] [main/INFO]: Epoll is working, utilising it!
[04:55:58] [main/INFO]: Discovered module: ModuleSpec(name=cmd_alert, file=modules/cmd_alert.jar, provider=JenkinsModuleSource())
[04:55:58] [main/INFO]: Discovered module: ModuleSpec(name=cmd_find, file=modules/cmd_find.jar, provider=JenkinsModuleSource())
[04:55:58] [main/INFO]: Discovered module: ModuleSpec(name=cmd_list, file=modules/cmd_list.jar, provider=JenkinsModuleSource())
[04:55:58] [main/INFO]: Discovered module: ModuleSpec(name=cmd_send, file=modules/cmd_send.jar, provider=JenkinsModuleSource())
[04:55:58] [main/INFO]: Discovered module: ModuleSpec(name=cmd_server, file=modules/cmd_server.jar, provider=JenkinsModuleSource())
[04:55:58] [main/INFO]: Discovered module: ModuleSpec(name=reconnect_yaml, file=modules/reconnect_yaml.jar, provider=JenkinsModuleSource())
[04:55:58] [main/INFO]: Attempting to update plugin from null to ModuleVersion(build=535, git=e7490f3)
[04:55:58] [main/INFO]: Attempting to Jenkins download module cmd_alert v535
[04:55:59] [main/INFO]: Download complete
[04:55:59] [main/INFO]: Attempting to update plugin from null to ModuleVersion(build=535, git=e7490f3)
[04:55:59] [main/INFO]: Attempting to Jenkins download module cmd_find v535
[04:55:59] [main/INFO]: Download complete
[04:55:59] [main/INFO]: Attempting to update plugin from null to ModuleVersion(build=535, git=e7490f3)
[04:55:59] [main/INFO]: Attempting to Jenkins download module cmd_list v535
[04:55:59] [main/INFO]: Download complete
[04:55:59] [main/INFO]: Attempting to update plugin from null to ModuleVersion(build=535, git=e7490f3)
[04:55:59] [main/INFO]: Attempting to Jenkins download module cmd_send v535
[04:55:59] [main/INFO]: Download complete
[04:55:59] [main/INFO]: Attempting to update plugin from null to ModuleVersion(build=535, git=e7490f3)
[04:55:59] [main/INFO]: Attempting to Jenkins download module cmd_server v535
[04:55:59] [main/INFO]: Download complete
[04:55:59] [main/INFO]: Attempting to update plugin from null to ModuleVersion(build=535, git=e7490f3)
[04:55:59] [main/INFO]: Attempting to Jenkins download module reconnect_yaml v535
[04:55:59] [main/INFO]: Download complete
[04:55:59] [main/INFO]: Loaded plugin reconnect_yaml version git:reconnect_yaml:1.19-R0.1-SNAPSHOT:e7490f3:535 by WaterfallMC
[04:55:59] [main/INFO]: Loaded plugin cmd_find version git:cmd_find:1.19-R0.1-SNAPSHOT:e7490f3:535 by WaterfallMC
[04:55:59] [main/INFO]: Loaded plugin SimpleProxyWelcome version 1.2 by _GameDoctor_
[04:55:59] [main/INFO]: Loaded plugin cmd_server version git:cmd_server:1.19-R0.1-SNAPSHOT:e7490f3:535 by WaterfallMC
[04:55:59] [main/INFO]: Loaded plugin SimpleProxyChat version 0.3.5 by beanbeanjuice
[04:55:59] [main/WARN]: FacilisCommon (required by MultiPerms) is unavailable
[04:55:59] [main/WARN]: Failed to enable MultiPerms
[04:55:59] [main/INFO]: Loaded plugin cmd_alert version git:cmd_alert:1.19-R0.1-SNAPSHOT:e7490f3:535 by WaterfallMC
[04:55:59] [main/INFO]: Loaded plugin cmd_send version git:cmd_send:1.19-R0.1-SNAPSHOT:e7490f3:535 by WaterfallMC
[04:55:59] [main/INFO]: Loaded plugin cmd_list version git:cmd_list:1.19-R0.1-SNAPSHOT:e7490f3:535 by WaterfallMC
[04:55:59] [main/INFO]: Loaded plugin FallBackServer version 3.2.0-Beta2 by CandiesJar
[04:55:59] [main/INFO]: Loaded plugin AntiVPN version 1.0 by GreenedDev
[04:55:59] [main/WARN]: :>:>:>:>:>:>:>:>:>:>:>:>:>:>:>:>:>:>:>:>:>:>:>
[04:55:59] [main/WARN]: :>  
[04:55:59] [main/WARN]: :>      EAGLERCRAFTXBUNGEE WARNING:
[04:55:59] [main/WARN]: :>  
[04:55:59] [main/WARN]: :>  This plugin wasn't tested to be 'working'
[04:55:59] [main/WARN]: :>  with ANY version of BungeeCord (and forks)
[04:55:59] [main/WARN]: :>  apart from the versions listed below:
[04:55:59] [main/WARN]: :>  
[04:55:59] [main/WARN]: :>  - BungeeCord: 1.20-R0.3-SNAPSHOT:18eae8a:1842
[04:55:59] [main/WARN]: :>  - Waterfall: 1.20-R0.3-SNAPSHOT:37a9ace:577
[04:55:59] [main/WARN]: :>  
[04:55:59] [main/WARN]: :>  This is not a Bukkit/Spigot plugin!
[04:55:59] [main/WARN]: :>  
[04:55:59] [main/WARN]: :>  Use "-Deaglerxbungee.stfu=true" to hide
[04:55:59] [main/WARN]: :>  
[04:55:59] [main/WARN]: :>:>:>:>:>:>:>:>:>:>:>:>:>:>:>:>:>:>:>:>:>:>:>
[04:55:59] [main/INFO] [EaglercraftXBungee]: Loading vanilla profile: Azumo
[04:55:59] [Skin Download Thread #0/ERROR] [EaglercraftXBungee]: Recieved code 404 while looking up UUID of Azumo
[04:55:59] [main/INFO]: Loaded plugin EaglercraftXBungee version 1.2.1 by lax1dude
[04:55:59] [main/WARN]: Could not load server icon
java.lang.IllegalArgumentException: image is null
	at com.google.common.base.Preconditions.checkArgument(Preconditions.java:145) ~[waterfall-1.19-535.jar:git:Waterfall-Bootstrap:1.19-R0.1-SNAPSHOT:e7490f3:535]
	at net.md_5.bungee.api.Favicon.create(Favicon.java:76) ~[waterfall-1.19-535.jar:git:Waterfall-Bootstrap:1.19-R0.1-SNAPSHOT:e7490f3:535]
	at net.md_5.bungee.conf.Configuration.load(Configuration.java:89) ~[waterfall-1.19-535.jar:git:Waterfall-Bootstrap:1.19-R0.1-SNAPSHOT:e7490f3:535]
	at io.github.waterfallmc.waterfall.conf.WaterfallConfiguration.load(WaterfallConfiguration.java:67) ~[waterfall-1.19-535.jar:git:Waterfall-Bootstrap:1.19-R0.1-SNAPSHOT:e7490f3:535]
	at net.md_5.bungee.BungeeCord.start(BungeeCord.java:288) ~[waterfall-1.19-535.jar:git:Waterfall-Bootstrap:1.19-R0.1-SNAPSHOT:e7490f3:535]
	at net.md_5.bungee.BungeeCordLauncher.main(BungeeCordLauncher.java:67) ~[waterfall-1.19-535.jar:git:Waterfall-Bootstrap:1.19-R0.1-SNAPSHOT:e7490f3:535]
	at net.md_5.bungee.Bootstrap.main(Bootstrap.java:15) ~[waterfall-1.19-535.jar:git:Waterfall-Bootstrap:1.19-R0.1-SNAPSHOT:e7490f3:535]
[04:56:00] [main/WARN]: Forced host server pvp is not defined
[04:56:00] [main/INFO]: Enabled plugin reconnect_yaml version git:reconnect_yaml:1.19-R0.1-SNAPSHOT:e7490f3:535 by WaterfallMC
[04:56:00] [main/INFO]: Enabled plugin cmd_find version git:cmd_find:1.19-R0.1-SNAPSHOT:e7490f3:535 by WaterfallMC
[04:56:00] [main/INFO]: Enabled plugin SimpleProxyWelcome version 1.2 by _GameDoctor_
[04:56:00] [main/INFO]: Enabled plugin cmd_server version git:cmd_server:1.19-R0.1-SNAPSHOT:e7490f3:535 by WaterfallMC
[04:56:00] [main/INFO] [SimpleProxyChat]: The plugin is starting.
[04:56:00] [main/INFO] [SimpleProxyChat]: Initializing discord bot.
[04:56:00] [main/WARN] [SimpleProxyChat]: Discord logging is not enabled.
[04:56:00] [main/INFO] [SimpleProxyChat]: Starting bStats... (IF ENABLED)
[04:56:00] [main/INFO] [SimpleProxyChat]: The plugin has been started.
[04:56:00] [main/INFO]: Enabled plugin SimpleProxyChat version 0.3.5 by beanbeanjuice
[04:56:00] [main/INFO]: Enabled plugin cmd_alert version git:cmd_alert:1.19-R0.1-SNAPSHOT:e7490f3:535 by WaterfallMC
[04:56:00] [main/INFO]: Enabled plugin cmd_send version git:cmd_send:1.19-R0.1-SNAPSHOT:e7490f3:535 by WaterfallMC
[04:56:00] [main/INFO]: Enabled plugin cmd_list version git:cmd_list:1.19-R0.1-SNAPSHOT:e7490f3:535 by WaterfallMC
[04:56:00] [main/INFO] [FallBackServer]: 
  _____     _ _ _                _     ____                           
 |  ___|_ _| | | |__   __ _  ___| | __/ ___|  ___ _ ____   _____ _ __ 
 | |_ / _` | | | '_ \ / _` |/ __| |/ /\___ \ / _ \ '__\ \ / / _ \ '__|
 |  _| (_| | | | |_) | (_| | (__|   <  ___) |  __/ |   \ V /  __/ |   
 |_|  \__,_|_|_|_.__/ \__,_|\___|_|\_\|____/ \___|_|    \_/ \___|_|   
                                                                      
[04:56:00] [main/INFO] [FallBackServer]: Downloaded library https://repo1.maven.org/maven2/ru/vyarus/yaml-config-updater/1.4.2/yaml-config-updater-1.4.2.jar
[04:56:00] [main/INFO] [FallBackServer]: [!] Starting all listeners..
[04:56:00] [main/INFO] [FallBackServer]: [!] Using default method
[04:56:00] [main/INFO] [FallBackServer]: [!] Preparing commands..
[04:56:00] [main/INFO] [FallBackServer]: [!] Starting telemetry service...
[04:56:00] [main/INFO] [FallBackServer]: [!] Plugin loaded successfully
[04:56:00] [main/WARN] [FallBackServer]:  
[04:56:00] [main/WARN] [FallBackServer]: You're running a BETA VERSION of the plugin.
[04:56:00] [main/WARN] [FallBackServer]: Updater is disabled for debugging purposes.
[04:56:00] [main/WARN] [FallBackServer]: If you find any bugs, please report them on discord.
[04:56:00] [main/WARN] [FallBackServer]:  
[04:56:00] [main/INFO]: Enabled plugin FallBackServer version 3.2.0-Beta2 by CandiesJar
[04:56:00] [main/INFO]: Enabled plugin AntiVPN version 1.0 by GreenedDev
[04:56:00] [main/ERROR] [EaglercraftXBungee]: Online mode is set to false! Authentication system has been disabled
[04:56:00] [Netty Boss IO Thread #0/INFO] [EaglercraftXBungee]: Eaglercraft is listening on: /0.0.0.0:8081
[04:56:00] [main/INFO] [EaglercraftXBungee]: Downloading from maven: https://repo1.maven.org/maven2/org/xerial/sqlite-jdbc/3.45.0.0/sqlite-jdbc-3.45.0.0.jar
[04:56:00] [SimpleProxyChat Pool Thread #2/INFO] [SimpleProxyChat]: There is an update! You are on 0.3.5. New version is 0.5.3: https://www.spigotmc.org/resources/115305/
[04:56:01] [EaglerXBungee: Network Tick Tasks/INFO] [EaglercraftXBungee]: Downloading new certificate: https://eaglercraft.com/backup.cert
[04:56:01] [main/INFO] [EaglercraftXBungee]: Connected to database: jdbc:sqlite:eaglercraft_skins_cache.db
[04:56:01] [EaglerXBungee: Network Tick Tasks/INFO] [EaglercraftXBungee]: Loaded certificate: /workspaces/jn48329438492-ts-example-plugin-dump/plugins/EaglercraftXBungee/eagcert/$dl.006172f063140eb5c7b53901b6451a819cf69b0c.cert
[04:56:01] [EaglerXBungee: Network Tick Tasks/INFO] [EaglercraftXBungee]: Loaded certificate: /workspaces/jn48329438492-ts-example-plugin-dump/plugins/EaglercraftXBungee/eagcert/$dl.2c63d6a9be9d273db57d50cb026093cb97ea6e54.cert
[04:56:01] [main/INFO] [EaglercraftXBungee]: Voice chat disabled, add "allow_voice: true" to your listeners to enable
[04:56:01] [main/INFO]: Enabled plugin EaglercraftXBungee version 1.2.1 by lax1dude
[04:56:01] [Netty Boss IO Thread #1/WARN]: Could not bind to host /127.0.0.1:8081
io.netty.channel.unix.Errors$NativeIoException: bind(..) failed: Address already in use
[04:56:01] [Netty Worker IO Thread #1/INFO]: Started query on /127.0.0.1:8081
[04:56:06] [SimpleProxyChat Pool Thread #3/INFO] [SimpleProxyChat]: lobby3 is offline.
[04:56:06] [SimpleProxyChat Pool Thread #3/INFO] [SimpleProxyChat]: lobby is online.
[04:56:06] [SimpleProxyChat Pool Thread #3/INFO] [SimpleProxyChat]: boommc is offline.
[04:56:06] [SimpleProxyChat Pool Thread #3/INFO] [SimpleProxyChat]: skyblock is online.
